

Processing InstancesController#index (for 10.8.42.4 at 2010-01-15 17:40:45) [GET]
Rendering template within layouts/application
Rendering instances/index

ActionView::TemplateError (SQLite3::SQLException: no such table: instances: SELECT * FROM "instances"  ORDER BY hostname) on line #7 of app/views/instances/index.html.erb:
4: 
5: <table>
6: 
7: <% Instance.all.each do |instance| %>
8:   <tr>
9:     <td><%=h instance.hostname %></td>
10:     <td><%= link_to 'Show', instance %></td>

    app/views/instances/index.html.erb:7
    passenger (2.2.9) lib/phusion_passenger/rack/request_handler.rb:92:in `process_request'
    passenger (2.2.9) lib/phusion_passenger/abstract_request_handler.rb:207:in `main_loop'
    passenger (2.2.9) lib/phusion_passenger/railz/application_spawner.rb:400:in `start_request_handler'
    passenger (2.2.9) lib/phusion_passenger/railz/application_spawner.rb:351:in `handle_spawn_application'
    passenger (2.2.9) lib/phusion_passenger/utils.rb:184:in `safe_fork'
    passenger (2.2.9) lib/phusion_passenger/railz/application_spawner.rb:349:in `handle_spawn_application'
    passenger (2.2.9) lib/phusion_passenger/abstract_server.rb:352:in `__send__'
    passenger (2.2.9) lib/phusion_passenger/abstract_server.rb:352:in `main_loop'
    passenger (2.2.9) lib/phusion_passenger/abstract_server.rb:196:in `start_synchronously'
    passenger (2.2.9) lib/phusion_passenger/abstract_server.rb:163:in `start'
    passenger (2.2.9) lib/phusion_passenger/railz/application_spawner.rb:209:in `start'
    passenger (2.2.9) lib/phusion_passenger/spawn_manager.rb:262:in `spawn_rails_application'
    passenger (2.2.9) lib/phusion_passenger/abstract_server_collection.rb:126:in `lookup_or_add'
    passenger (2.2.9) lib/phusion_passenger/spawn_manager.rb:256:in `spawn_rails_application'
    passenger (2.2.9) lib/phusion_passenger/abstract_server_collection.rb:80:in `synchronize'
    passenger (2.2.9) lib/phusion_passenger/abstract_server_collection.rb:79:in `synchronize'
    passenger (2.2.9) lib/phusion_passenger/spawn_manager.rb:255:in `spawn_rails_application'
    passenger (2.2.9) lib/phusion_passenger/spawn_manager.rb:154:in `spawn_application'
    passenger (2.2.9) lib/phusion_passenger/spawn_manager.rb:287:in `handle_spawn_application'
    passenger (2.2.9) lib/phusion_passenger/abstract_server.rb:352:in `__send__'
    passenger (2.2.9) lib/phusion_passenger/abstract_server.rb:352:in `main_loop'
    passenger (2.2.9) lib/phusion_passenger/abstract_server.rb:196:in `start_synchronously'

Rendering /var/www/autwatch/public/500.html (500 Internal Server Error)


Processing ApplicationController#index (for 10.8.42.4 at 2010-01-15 17:40:51) [GET]

ActionController::RoutingError (No route matches "/autwatch/instances" with {:method=>:get}):
  passenger (2.2.9) lib/phusion_passenger/rack/request_handler.rb:92:in `process_request'
  passenger (2.2.9) lib/phusion_passenger/abstract_request_handler.rb:207:in `main_loop'
  passenger (2.2.9) lib/phusion_passenger/railz/application_spawner.rb:400:in `start_request_handler'
  passenger (2.2.9) lib/phusion_passenger/railz/application_spawner.rb:351:in `handle_spawn_application'
  passenger (2.2.9) lib/phusion_passenger/utils.rb:184:in `safe_fork'
  passenger (2.2.9) lib/phusion_passenger/railz/application_spawner.rb:349:in `handle_spawn_application'
  passenger (2.2.9) lib/phusion_passenger/abstract_server.rb:352:in `__send__'
  passenger (2.2.9) lib/phusion_passenger/abstract_server.rb:352:in `main_loop'
  passenger (2.2.9) lib/phusion_passenger/abstract_server.rb:196:in `start_synchronously'
  passenger (2.2.9) lib/phusion_passenger/abstract_server.rb:163:in `start'
  passenger (2.2.9) lib/phusion_passenger/railz/application_spawner.rb:209:in `start'
  passenger (2.2.9) lib/phusion_passenger/spawn_manager.rb:262:in `spawn_rails_application'
  passenger (2.2.9) lib/phusion_passenger/abstract_server_collection.rb:126:in `lookup_or_add'
  passenger (2.2.9) lib/phusion_passenger/spawn_manager.rb:256:in `spawn_rails_application'
  passenger (2.2.9) lib/phusion_passenger/abstract_server_collection.rb:80:in `synchronize'
  passenger (2.2.9) lib/phusion_passenger/abstract_server_collection.rb:79:in `synchronize'
  passenger (2.2.9) lib/phusion_passenger/spawn_manager.rb:255:in `spawn_rails_application'
  passenger (2.2.9) lib/phusion_passenger/spawn_manager.rb:154:in `spawn_application'
  passenger (2.2.9) lib/phusion_passenger/spawn_manager.rb:287:in `handle_spawn_application'
  passenger (2.2.9) lib/phusion_passenger/abstract_server.rb:352:in `__send__'
  passenger (2.2.9) lib/phusion_passenger/abstract_server.rb:352:in `main_loop'
  passenger (2.2.9) lib/phusion_passenger/abstract_server.rb:196:in `start_synchronously'

Rendering /var/www/autwatch/public/404.html (404 Not Found)


Processing InstancesController#index (for 10.8.42.4 at 2010-01-15 17:40:56) [GET]
Rendering template within layouts/application
Rendering instances/index

ActionView::TemplateError (SQLite3::SQLException: no such table: instances: SELECT * FROM "instances"  ORDER BY hostname) on line #7 of app/views/instances/index.html.erb:
4: 
5: <table>
6: 
7: <% Instance.all.each do |instance| %>
8:   <tr>
9:     <td><%=h instance.hostname %></td>
10:     <td><%= link_to 'Show', instance %></td>

    app/views/instances/index.html.erb:7
    passenger (2.2.9) lib/phusion_passenger/rack/request_handler.rb:92:in `process_request'
    passenger (2.2.9) lib/phusion_passenger/abstract_request_handler.rb:207:in `main_loop'
    passenger (2.2.9) lib/phusion_passenger/railz/application_spawner.rb:400:in `start_request_handler'
    passenger (2.2.9) lib/phusion_passenger/railz/application_spawner.rb:351:in `handle_spawn_application'
    passenger (2.2.9) lib/phusion_passenger/utils.rb:184:in `safe_fork'
    passenger (2.2.9) lib/phusion_passenger/railz/application_spawner.rb:349:in `handle_spawn_application'
    passenger (2.2.9) lib/phusion_passenger/abstract_server.rb:352:in `__send__'
    passenger (2.2.9) lib/phusion_passenger/abstract_server.rb:352:in `main_loop'
    passenger (2.2.9) lib/phusion_passenger/abstract_server.rb:196:in `start_synchronously'
    passenger (2.2.9) lib/phusion_passenger/abstract_server.rb:163:in `start'
    passenger (2.2.9) lib/phusion_passenger/railz/application_spawner.rb:209:in `start'
    passenger (2.2.9) lib/phusion_passenger/spawn_manager.rb:262:in `spawn_rails_application'
    passenger (2.2.9) lib/phusion_passenger/abstract_server_collection.rb:126:in `lookup_or_add'
    passenger (2.2.9) lib/phusion_passenger/spawn_manager.rb:256:in `spawn_rails_application'
    passenger (2.2.9) lib/phusion_passenger/abstract_server_collection.rb:80:in `synchronize'
    passenger (2.2.9) lib/phusion_passenger/abstract_server_collection.rb:79:in `synchronize'
    passenger (2.2.9) lib/phusion_passenger/spawn_manager.rb:255:in `spawn_rails_application'
    passenger (2.2.9) lib/phusion_passenger/spawn_manager.rb:154:in `spawn_application'
    passenger (2.2.9) lib/phusion_passenger/spawn_manager.rb:287:in `handle_spawn_application'
    passenger (2.2.9) lib/phusion_passenger/abstract_server.rb:352:in `__send__'
    passenger (2.2.9) lib/phusion_passenger/abstract_server.rb:352:in `main_loop'
    passenger (2.2.9) lib/phusion_passenger/abstract_server.rb:196:in `start_synchronously'

Rendering /var/www/autwatch/public/500.html (500 Internal Server Error)


Processing InstancesController#index (for 10.8.42.4 at 2010-01-15 17:41:15) [GET]
Rendering template within layouts/application
Rendering instances/index
Completed in 10ms (View: 9, DB: 1) | 200 OK [http://10.8.42.28/instances]


Processing InstancesController#index (for 10.8.42.4 at 2010-01-15 17:42:00) [GET]
Rendering template within layouts/application
Rendering instances/index
Completed in 4ms (View: 3, DB: 0) | 200 OK [http://10.8.42.28/instances]


Processing InstancesController#index (for 10.8.42.4 at 2010-01-15 17:42:02) [GET]
Rendering template within layouts/application
Rendering instances/index
Completed in 4ms (View: 3, DB: 0) | 200 OK [http://10.8.42.28/instances]


Processing InstancesController#index (for 10.8.42.4 at 2010-01-15 17:42:21) [GET]
Rendering template within layouts/application
Rendering instances/index
Completed in 4ms (View: 3, DB: 0) | 200 OK [http://10.8.42.28/instances]


Processing InstancesController#index (for 10.8.42.4 at 2010-01-15 17:42:28) [GET]
Rendering template within layouts/application
Rendering instances/index
Completed in 4ms (View: 3, DB: 0) | 200 OK [http://10.8.42.28/instances]


Processing InstancesController#index (for 10.8.42.4 at 2010-01-15 17:43:10) [GET]
Rendering template within layouts/application
Rendering instances/index
Completed in 35ms (View: 27, DB: 2) | 200 OK [http://10.8.42.28/instances]


Processing InstancesController#show (for 10.8.42.4 at 2010-01-15 17:43:52) [GET]
  Parameters: {"id"=>"3"}
Rendering template within layouts/application
Rendering instances/show
Completed in 151ms (View: 147, DB: 3) | 200 OK [http://10.8.42.28/instances/3]


Processing DatabasesController#show (for 10.8.42.4 at 2010-01-15 17:43:55) [GET]
  Parameters: {"instance_id"=>"3", "id"=>"IC2"}
Rendering template within layouts/application
Rendering databases/show
Completed in 88ms (View: 10, DB: 2) | 200 OK [http://10.8.42.28/instances/3/databases/IC2]


Processing InstancesController#index (for 10.8.42.4 at 2010-01-15 17:44:02) [GET]
Rendering template within layouts/application
Rendering instances/index
Completed in 19ms (View: 17, DB: 2) | 200 OK [http://ebiz/instances]
